# JRE version: Java(TM) SE Runtime Environment (8.0_181-b13) (build 1.8.0_181-b13)
# Java VM: Java HotSpot(TM) 64-Bit Server VM (25.181-b13 mixed mode windows-amd64 compressed oops)
Heap:
 PSYoungGen      total 368640K, used 277881K [0x00000000e0000000, 0x0000000100000000, 0x0000000100000000)
  eden space 205824K, 100% used [0x00000000e0000000,0x00000000ec900000,0x00000000ec900000)
  from space 162816K, 44% used [0x00000000f6100000,0x00000000fa75e758,0x0000000100000000)
  to   space 155648K, 74% used [0x00000000ec900000,0x00000000f3aacc20,0x00000000f6100000)
 ParOldGen       total 224768K, used 171682K [0x00000000a0000000, 0x00000000adb80000, 0x00000000e0000000)
  object space 224768K, 76% used [0x00000000a0000000,0x00000000aa7a8848,0x00000000adb80000)
 Metaspace       used 107817K, capacity 115272K, committed 117376K, reserved 1150976K
  class space    used 14065K, capacity 15223K, committed 15744K, reserved 1048576K
GC Heap History (10 events):
Event: 28164.349 GC heap after
Heap after GC invocations=81 (full 11):
 PSYoungGen      total 333312K, used 83427K [0x00000000e0000000, 0x0000000100000000, 0x0000000100000000)
  eden space 249856K, 0% used [0x00000000e0000000,0x00000000e0000000,0x00000000ef400000)
  from space 83456K, 99% used [0x00000000fae80000,0x00000000ffff8c20,0x0000000100000000)
  to   space 137216K, 0% used [0x00000000ef400000,0x00000000ef400000,0x00000000f7a00000)
 ParOldGen       total 224768K, used 171666K [0x00000000a0000000, 0x00000000adb80000, 0x00000000e0000000)
  object space 224768K, 76% used [0x00000000a0000000,0x00000000aa7a4848,0x00000000adb80000)
 Metaspace       used 107518K, capacity 114892K, committed 117376K, reserved 1150976K
  class space    used 14053K, capacity 15203K, committed 15744K, reserved 1048576K
}
Event: 29312.665 GC heap before
{Heap before GC invocations=82 (full 11):
 PSYoungGen      total 333312K, used 333283K [0x00000000e0000000, 0x0000000100000000, 0x0000000100000000)
  eden space 249856K, 100% used [0x00000000e0000000,0x00000000ef400000,0x00000000ef400000)
  from space 83456K, 99% used [0x00000000fae80000,0x00000000ffff8c20,0x0000000100000000)
  to   space 137216K, 0% used [0x00000000ef400000,0x00000000ef400000,0x00000000f7a00000)
 ParOldGen       total 224768K, used 171666K [0x00000000a0000000, 0x00000000adb80000, 0x00000000e0000000)
  object space 224768K, 76% used [0x00000000a0000000,0x00000000aa7a4848,0x00000000adb80000)
 Metaspace       used 107680K, capacity 115076K, committed 117376K, reserved 1150976K
  class space    used 14064K, capacity 15223K, committed 15744K, reserved 1048576K
Event: 29312.783 GC heap after
Heap after GC invocations=82 (full 11):
 PSYoungGen      total 327680K, used 77593K [0x00000000e0000000, 0x0000000100000000, 0x0000000100000000)
  eden space 249856K, 0% used [0x00000000e0000000,0x00000000e0000000,0x00000000ef400000)
  from space 77824K, 99% used [0x00000000ef400000,0x00000000f3fc6748,0x00000000f4000000)
  to   space 138752K, 0% used [0x00000000f7880000,0x00000000f7880000,0x0000000100000000)
 ParOldGen       total 224768K, used 171674K [0x00000000a0000000, 0x00000000adb80000, 0x00000000e0000000)
  object space 224768K, 76% used [0x00000000a0000000,0x00000000aa7a6848,0x00000000adb80000)
 Metaspace       used 107680K, capacity 115076K, committed 117376K, reserved 1150976K
  class space    used 14064K, capacity 15223K, committed 15744K, reserved 1048576K
}
Event: 29319.431 GC heap before
{Heap before GC invocations=83 (full 11):
 PSYoungGen      total 327680K, used 327449K [0x00000000e0000000, 0x0000000100000000, 0x0000000100000000)
  eden space 249856K, 100% used [0x00000000e0000000,0x00000000ef400000,0x00000000ef400000)
  from space 77824K, 99% used [0x00000000ef400000,0x00000000f3fc6748,0x00000000f4000000)
  to   space 138752K, 0% used [0x00000000f7880000,0x00000000f7880000,0x0000000100000000)
 ParOldGen       total 224768K, used 171674K [0x00000000a0000000, 0x00000000adb80000, 0x00000000e0000000)
  object space 224768K, 76% used [0x00000000a0000000,0x00000000aa7a6848,0x00000000adb80000)
 Metaspace       used 107705K, capacity 115076K, committed 117376K, reserved 1150976K
  class space    used 14064K, capacity 15223K, committed 15744K, reserved 1048576K
Event: 29319.603 GC heap after
Heap after GC invocations=83 (full 11):
 PSYoungGen      total 344576K, used 132698K [0x00000000e0000000, 0x0000000100000000, 0x0000000100000000)
  eden space 205824K, 0% used [0x00000000e0000000,0x00000000e0000000,0x00000000ec900000)
  from space 138752K, 95% used [0x00000000f7880000,0x00000000ffa16ba8,0x0000000100000000)
  to   space 159232K, 0% used [0x00000000ec900000,0x00000000ec900000,0x00000000f6480000)
 ParOldGen       total 224768K, used 171682K [0x00000000a0000000, 0x00000000adb80000, 0x00000000e0000000)
  object space 224768K, 76% used [0x00000000a0000000,0x00000000aa7a8848,0x00000000adb80000)
 Metaspace       used 107705K, capacity 115076K, committed 117376K, reserved 1150976K
  class space    used 14064K, capacity 15223K, committed 15744K, reserved 1048576K
}
Event: 29425.192 GC heap before
{Heap before GC invocations=84 (full 11):
 PSYoungGen      total 344576K, used 338522K [0x00000000e0000000, 0x0000000100000000, 0x0000000100000000)
  eden space 205824K, 100% used [0x00000000e0000000,0x00000000ec900000,0x00000000ec900000)
  from space 138752K, 95% used [0x00000000f7880000,0x00000000ffa16ba8,0x0000000100000000)
  to   space 159232K, 0% used [0x00000000ec900000,0x00000000ec900000,0x00000000f6480000)
 ParOldGen       total 224768K, used 171682K [0x00000000a0000000, 0x00000000adb80000, 0x00000000e0000000)
  object space 224768K, 76% used [0x00000000a0000000,0x00000000aa7a8848,0x00000000adb80000)
 Metaspace       used 107776K, capacity 115140K, committed 117376K, reserved 1150976K
  class space    used 14064K, capacity 15223K, committed 15744K, reserved 1048576K
Event: 29425.357 GC heap after
Heap after GC invocations=84 (full 11):
 PSYoungGen      total 303616K, used 97431K [0x00000000e0000000, 0x0000000100000000, 0x0000000100000000)
  eden space 205824K, 0% used [0x00000000e0000000,0x00000000e0000000,0x00000000ec900000)
  from space 97792K, 99% used [0x00000000ec900000,0x00000000f2825ef0,0x00000000f2880000)
  to   space 162816K, 0% used [0x00000000f6100000,0x00000000f6100000,0x0000000100000000)
 ParOldGen       total 224768K, used 171682K [0x00000000a0000000, 0x00000000adb80000, 0x00000000e0000000)
  object space 224768K, 76% used [0x00000000a0000000,0x00000000aa7a8848,0x00000000adb80000)
 Metaspace       used 107776K, capacity 115140K, committed 117376K, reserved 1150976K
  class space    used 14064K, capacity 15223K, committed 15744K, reserved 1048576K
}
Event: 29656.682 GC heap before
{Heap before GC invocations=85 (full 11):
 PSYoungGen      total 303616K, used 303255K [0x00000000e0000000, 0x0000000100000000, 0x0000000100000000)
  eden space 205824K, 100% used [0x00000000e0000000,0x00000000ec900000,0x00000000ec900000)
  from space 97792K, 99% used [0x00000000ec900000,0x00000000f2825ef0,0x00000000f2880000)
  to   space 162816K, 0% used [0x00000000f6100000,0x00000000f6100000,0x0000000100000000)
 ParOldGen       total 224768K, used 171682K [0x00000000a0000000, 0x00000000adb80000, 0x00000000e0000000)
  object space 224768K, 76% used [0x00000000a0000000,0x00000000aa7a8848,0x00000000adb80000)
 Metaspace       used 107782K, capacity 115140K, committed 117376K, reserved 1150976K
  class space    used 14064K, capacity 15223K, committed 15744K, reserved 1048576K
Event: 29656.918 GC heap after
Heap after GC invocations=85 (full 11):
 PSYoungGen      total 368640K, used 72057K [0x00000000e0000000, 0x0000000100000000, 0x0000000100000000)
  eden space 205824K, 0% used [0x00000000e0000000,0x00000000e0000000,0x00000000ec900000)
  from space 162816K, 44% used [0x00000000f6100000,0x00000000fa75e758,0x0000000100000000)
  to   space 155648K, 0% used [0x00000000ec900000,0x00000000ec900000,0x00000000f6100000)
 ParOldGen       total 224768K, used 171682K [0x00000000a0000000, 0x00000000adb80000, 0x00000000e0000000)
  object space 224768K, 76% used [0x00000000a0000000,0x00000000aa7a8848,0x00000000adb80000)
 Metaspace       used 107782K, capacity 115140K, committed 117376K, reserved 1150976K
  class space    used 14064K, capacity 15223K, committed 15744K, reserved 1048576K
}
Event: 29663.294 GC heap before
{Heap before GC invocations=86 (full 11):
 PSYoungGen      total 368640K, used 277881K [0x00000000e0000000, 0x0000000100000000, 0x0000000100000000)
  eden space 205824K, 100% used [0x00000000e0000000,0x00000000ec900000,0x00000000ec900000)
  from space 162816K, 44% used [0x00000000f6100000,0x00000000fa75e758,0x0000000100000000)
  to   space 155648K, 0% used [0x00000000ec900000,0x00000000ec900000,0x00000000f6100000)
 ParOldGen       total 224768K, used 171682K [0x00000000a0000000, 0x00000000adb80000, 0x00000000e0000000)
  object space 224768K, 76% used [0x00000000a0000000,0x00000000aa7a8848,0x00000000adb80000)
 Metaspace       used 107817K, capacity 115272K, committed 117376K, reserved 1150976K
  class space    used 14065K, capacity 15223K, committed 15744K, reserved 1048576K

